<?xml version="1.0" encoding="UTF-8"?>
<!-- Generated by org.testng.reporters.JUnitReportReporter -->
<testsuite hostname="DESKTOP-FHINA5S" failures="0" tests="1" name="test.Logintest" time="46.922" errors="0" timestamp="2023-10-27T17:03:39 IST" skipped="0">
  <testcase classname="test.Logintest" name="testlogin" time="46.922"/>
</testsuite> <!-- test.Logintest -->
